Warning: QColor::setHsv: HSV parameters out of range
Warning: QColor::setHsv: HSV parameters out of range
Warning: Object::connect: No such slot EventEditorForm::slotStopEvent()
Warning: Object::connect:  (receiver name: 'EventEditorForm')
Warning: Object::connect: No such slot EventEditorForm::slotStopEvent()
Warning: Object::connect:  (receiver name: 'EventEditorForm')
Debug: 
Building project 'Remod'...
Debug: Caching waveform details...
Debug: cloak_tone_high.wav
Debug: Building project C:/Program Files/Electronic Arts/Crytek/Crysis Wars/Mods/Remod/Game/Sounds/Remod\Remod.fev...
Debug: Unique sound definitions 1/1
Debug: Retrieving waveform info...
Debug: Retrieving reverb info...
Debug: FEV file written ok
Debug: Building 'Remod_bank00.fsb'
Debug: Building C:/Program Files/Electronic Arts/Crytek/Crysis Wars/Mods/Remod/Game/Sounds/Remod\Remod_bank00.fsb.  Format = IMA ADPCM (3.5:1)
Debug: Info : Build Mode = FSBANK_BUILDMODE_SINGLE
Debug: Info : Added C:/Program Files/Electronic Arts/Crytek/Crysis Wars/Mods/Remod/Game/Sounds/Remod\cloak_tone_high.wav  SRAM Usage 24 kb (used cache)
Debug: Info : FSB Compilation complete
Debug: Done.
Warning: QPaintDevice: Cannot destroy paint device that is being painted.  Be sure to QPainter::end() painters!
