BackupNameAttachment=" Build(6729) Date(12 Jan 2010) Time(16 18 10)"  -- used by backup system
 
Log Started at Tuesday, January 12, 2010 16:18:10
Running 32 bit version
Executable: C:\Program Files\Electronic Arts\Crytek\Crysis Wars\Bin32\CrysisWarsDedicatedServer.exe
FileVersion: 1.1.1.6729
ProductVersion: 1.1.1.6729
Using STLport C++ Standard Library implementation
 
Added MOD directory <Mods\Remod\> to CryPak
--- CPU detection ---
Total number of logical processors: 2
Number of available logical processors: 2

Processor 0:
CPU: Intel Intel(R) Core(TM)2 CPU         T7200  @ 2.00GHz
Family: 6, Model: 15, Stepping: 6
FPU: On-Chip
CPU Speed (estimated): 1997.275664 MHz
MMX: not present
SSE: present
3DNow!: not present
Serial number not present or disabled

Processor 1:
CPU: Intel Intel(R) Core(TM)2 CPU         T7200  @ 2.00GHz
Family: 6, Model: 15, Stepping: 6
FPU: On-Chip
CPU Speed (estimated): 1997.283746 MHz
MMX: not present
SSE: present
3DNow!: not present
Serial number not present or disabled

Total number of system cores: 2
Number of cores available to process: 2
---------------------
Windows 32 bit (build 6.1.7600)
System language: Dutch
Windows Directory: "C:\Windows"
Prerequisites...
* Installation of KB940105 hotfix required: no! (either not needed or already installed)
Local time is 16:18:11 01/12/10, system running for 189 minutes
1521MB physical memory installed, 1046MB available, 2047MB virtual memory installed, 31 percent of memory in use
PageFile usage: 26MB, Working Set: 5MB, Peak PageFile usage: 26MB,
Current display mode is 1440x900x32, VGA
IBM enhanced (101/102-key) keyboard and 5+ button mouse installed
--------------------------------------------------------------------------------
[Error] Error: ConsoleVariableGroup 'sys_spec_Shading' key 'r_glow' is not missing in default
Stream Engine Initialization
Network initialization
[net] using iocp socket io management
Physics initialization
MovieSystem initialization skipped for dedicated server
Renderer initialization
Console initialization
Time initialization
Font initialization
AI initialization
Initializing Animation System
Initializing 3D Engine
Script System Initialization
Entity system initialization
Initializing AI System
[PlayerProfiles] Login of user 'Charlie the Unicorn' successful.
[PlayerProfiles] Found 2 profiles.
   Profile 0 : 'Blablah'
   Profile 1 : 'default'
[GameProfiles]: Successfully activated profile 'Blablah' for user 'Charlie the Unicorn'
    $3sv_servername = $6Blablah's Server $5[DUMPTODISK]$4
    $3sv_password = $6 $5[DUMPTODISK]$4
    $3sv_cheatprotection = $60 $5[]$4
    $3sv_maxplayers = $616 $5[DUMPTODISK]$4
    $3g_tk_punish = $61 $5[]$4
    $3g_tk_punish_limit = $65 $5[]$4
    $3g_timelimit = $60 $5[]$4
    $3hud_alternateCrosshairSpread = $61 $5[]$4
    $3e_cbuffer = $61 $5[]$4
[Warning] Unknown command: r_geomInstancing = 0
    $3es_OnDemandPhysics = $60 $5[]$4
    $3r_CullGeometryForLights = $61 $5[]$4
    $3e_vegetation_static_instancing = $60 $5[]$4
    $3r_TerrainAO_FadeDist = $61 $5[]$4
    $3e_vegetation_static_instancing = $60 $5[]$4
    $3e_gsm_range = $63 $5[]$4
    $3e_gsm_cache = $60 $5[]$4
    $3e_ram_maps = $61 $5[DUMPTODISK, REQUIRE_LEVEL_RELOAD]$4
    $3e_dissolve = $61 $5[]$4
    $3r_VegetationSpritesTexRes = $6128 $5[]$4
    $3e_particles_min_draw_pixels = $61 $5[]$4
    $3hud_mpNamesDuration = $60 $5[]$4
    $3sv_gamerules = $6PowerStruggle $5[]$4
[net 15:18:11.837] network hostname: iMac7
[net 15:18:11.840]   ip:192.168.0.192
[net 15:18:11.840]   ip:5.182.209.7
-----------------------------------------------------
*LOADING: Level multiplayer/ps/Mesa loading time: 9.18 seconds
-----------------------------------------------------
    $3cl_fov = $665 $5[]$4
    $3time_scale = $60.1 $5[]$4
    $3time_scale = $61 $5[]$4
[net 15:57:17.086] Disconnect iMac7.telenet.be:50377; profid=113168429; cause=14; msg='Unreachable address iMac7.telenet.be:50377'
System:Quit
